Using pre-set license
Built from '2021.3/staging' branch; Version is '2021.3.16f1 (4016570cf34f) revision 4200023'; Using compiler version '192829333'; Build Type 'Release'
OS: 'Windows 10  (10.0.19045) 64bit Professional' Language: 'en' Physical Memory: 8067 MB
BatchMode: 1, IsHumanControllingUs: 0, StartBugReporterOnCrash: 0, Is64bit: 1, IsPro: 1

COMMAND LINE ARGUMENTS:
C:\Program Files\Unity 2021.3.16f1\Editor\Unity.exe
-adb2
-batchMode
-noUpm
-name
AssetImportWorker0
-projectPath
D:/My f-project
-logFile
Logs/AssetImportWorker0.log
-srvPort
61930
Successfully changed project path to: D:/My f-project
D:/My f-project
[UnityMemory] Configuration Parameters - Can be set up in boot.config
    "memorysetup-bucket-allocator-granularity=16"
    "memorysetup-bucket-allocator-bucket-count=8"
    "memorysetup-bucket-allocator-block-size=33554432"
    "memorysetup-bucket-allocator-block-count=8"
    "memorysetup-main-allocator-block-size=16777216"
    "memorysetup-thread-allocator-block-size=16777216"
    "memorysetup-gfx-main-allocator-block-size=16777216"
    "memorysetup-gfx-thread-allocator-block-size=16777216"
    "memorysetup-cache-allocator-block-size=4194304"
    "memorysetup-typetree-allocator-block-size=2097152"
    "memorysetup-profiler-bucket-allocator-granularity=16"
    "memorysetup-profiler-bucket-allocator-bucket-count=8"
    "memorysetup-profiler-bucket-allocator-block-size=33554432"
    "memorysetup-profiler-bucket-allocator-block-count=8"
    "memorysetup-profiler-allocator-block-size=16777216"
    "memorysetup-profiler-editor-allocator-block-size=1048576"
    "memorysetup-temp-allocator-size-main=16777216"
    "memorysetup-job-temp-allocator-block-size=2097152"
    "memorysetup-job-temp-allocator-block-size-background=1048576"
    "memorysetup-job-temp-allocator-reduction-small-platforms=262144"
    "memorysetup-temp-allocator-size-background-worker=32768"
    "memorysetup-temp-allocator-size-job-worker=262144"
    "memorysetup-temp-allocator-size-preload-manager=33554432"
    "memorysetup-temp-allocator-size-nav-mesh-worker=65536"
    "memorysetup-temp-allocator-size-audio-worker=65536"
    "memorysetup-temp-allocator-size-cloud-worker=32768"
    "memorysetup-temp-allocator-size-gi-baking-worker=262144"
    "memorysetup-temp-allocator-size-gfx=262144"
Player connection [10804] Host "[IP] 0.0.0.0 [Port] 0 [Flags] 2 [Guid] 1197689499 [EditorId] 1197689499 [Version] 1048832 [Id] WindowsEditor(7,DESKTOP-DG43FL6) [Debug] 1 [PackageName] WindowsEditor [ProjectName] Editor" joined multi-casting on [225.0.0.222:54997]...

Player connection [10804] Host "[IP] 0.0.0.0 [Port] 0 [Flags] 2 [Guid] 1197689499 [EditorId] 1197689499 [Version] 1048832 [Id] WindowsEditor(7,DESKTOP-DG43FL6) [Debug] 1 [PackageName] WindowsEditor [ProjectName] Editor" joined alternative multi-casting on [225.0.0.222:34997]...

Refreshing native plugins compatible for Editor in 158.58 ms, found 3 plugins.
Preloading 0 native plugins for Editor in 0.00 ms.
Initialize engine version: 2021.3.16f1 (4016570cf34f)
[Subsystems] Discovering subsystems at path C:/Program Files/Unity 2021.3.16f1/Editor/Data/Resources/UnitySubsystems
[Subsystems] Discovering subsystems at path D:/My f-project/Assets
GfxDevice: creating device client; threaded=0; jobified=0
Direct3D:
    Version:  Direct3D 11.0 [level 11.0]
    Renderer: Intel(R) HD Graphics 4000 (ID=0x166)
    Vendor:   Intel
    VRAM:     128 MB
    Driver:   10.18.10.5161
Initialize mono
Mono path[0] = 'C:/Program Files/Unity 2021.3.16f1/Editor/Data/Managed'
Mono path[1] = 'C:/Program Files/Unity 2021.3.16f1/Editor/Data/MonoBleedingEdge/lib/mono/unityjit-win32'
Mono config path = 'C:/Program Files/Unity 2021.3.16f1/Editor/Data/MonoBleedingEdge/etc'
Using monoOptions --debugger-agent=transport=dt_socket,embedding=1,server=y,suspend=n,address=127.0.0.1:56328
Begin MonoManager ReloadAssembly
Registering precompiled unity dll's ...
Register platform support module: C:/Program Files/Unity 2021.3.16f1/Editor/Data/PlaybackEngines/WindowsStandaloneSupport/UnityEditor.WindowsStandalone.Extensions.dll
Registered in 0.009845 seconds.
Native extension for WindowsStandalone target not found
Refreshing native plugins compatible for Editor in 172.94 ms, found 3 plugins.
Preloading 0 native plugins for Editor in 0.00 ms.
Mono: successfully reloaded assembly
- Completed reload, in  1.274 seconds
Domain Reload Profiling:
	ReloadAssembly (1275ms)
		BeginReloadAssembly (236ms)
			ExecutionOrderSort (0ms)
			DisableScriptedObjects (0ms)
			BackupInstance (0ms)
			ReleaseScriptingObjects (0ms)
			CreateAndSetChildDomain (2ms)
		EndReloadAssembly (833ms)
			LoadAssemblies (231ms)
			RebuildTransferFunctionScriptingTraits (0ms)
			SetupTypeCache (199ms)
			ReleaseScriptCaches (0ms)
			RebuildScriptCaches (58ms)
			SetupLoadedEditorAssemblies (505ms)
				LogAssemblyErrors (0ms)
				InitializePlatformSupportModulesInManaged (14ms)
				SetLoadedEditorAssemblies (0ms)
				RefreshPlugins (173ms)
				BeforeProcessingInitializeOnLoad (4ms)
				ProcessInitializeOnLoadAttributes (230ms)
				ProcessInitializeOnLoadMethodAttributes (84ms)
				AfterProcessingInitializeOnLoad (0ms)
				EditorAssembliesLoaded (0ms)
			ExecutionOrderSort2 (0ms)
			AwakeInstancesAfterBackupRestoration (0ms)
Platform modules already initialized, skipping
Registering precompiled user dll's ...
Registered in 0.007586 seconds.
Begin MonoManager ReloadAssembly
Symbol file LoadedFromMemory doesn't match image D:\My f-project\Library\PackageCache\com.unity.visualscripting@1.7.8\Editor\VisualScripting.Core\Dependencies\YamlDotNet\Unity.VisualScripting.YamlDotNet.dll
Symbol file LoadedFromMemory doesn't match image D:\My f-project\Library\PackageCache\com.unity.visualscripting@1.7.8\Editor\VisualScripting.Core\Dependencies\DotNetZip\Unity.VisualScripting.IonicZip.dll
Native extension for WindowsStandalone target not found
Refreshing native plugins compatible for Editor in 0.88 ms, found 3 plugins.
Preloading 0 native plugins for Editor in 0.00 ms.
Mono: successfully reloaded assembly
- Completed reload, in  2.025 seconds
Domain Reload Profiling:
	ReloadAssembly (2027ms)
		BeginReloadAssembly (276ms)
			ExecutionOrderSort (0ms)
			DisableScriptedObjects (11ms)
			BackupInstance (0ms)
			ReleaseScriptingObjects (0ms)
			CreateAndSetChildDomain (30ms)
		EndReloadAssembly (1539ms)
			LoadAssemblies (218ms)
			RebuildTransferFunctionScriptingTraits (0ms)
			SetupTypeCache (526ms)
			ReleaseScriptCaches (1ms)
			RebuildScriptCaches (107ms)
			SetupLoadedEditorAssemblies (711ms)
				LogAssemblyErrors (0ms)
				InitializePlatformSupportModulesInManaged (8ms)
				SetLoadedEditorAssemblies (1ms)
				RefreshPlugins (1ms)
				BeforeProcessingInitializeOnLoad (160ms)
				ProcessInitializeOnLoadAttributes (481ms)
				ProcessInitializeOnLoadMethodAttributes (45ms)
				AfterProcessingInitializeOnLoad (15ms)
				EditorAssembliesLoaded (0ms)
			ExecutionOrderSort2 (0ms)
			AwakeInstancesAfterBackupRestoration (11ms)
Platform modules already initialized, skipping
========================================================================
Worker process is ready to serve import requests
Launched and connected shader compiler UnityShaderCompiler.exe after 0.07 seconds
Refreshing native plugins compatible for Editor in 0.89 ms, found 3 plugins.
Preloading 0 native plugins for Editor in 0.00 ms.
Unloading 3572 Unused Serialized files (Serialized files now loaded: 0)
Unloading 38 unused Assets / (129.0 KB). Loaded Objects now: 4035.
Memory consumption went from 127.2 MB to 127.0 MB.
Total: 5.880200 ms (FindLiveObjects: 0.413800 ms CreateObjectMapping: 0.442700 ms MarkObjects: 4.891000 ms  DeleteObjects: 0.130900 ms)

AssetImportParameters requested are different than current active one (requested -> active):
  custom:video-decoder-ogg-theora: a1e56fd34408186e4bbccfd4996cb3dc -> 
  custom:container-muxer-webm: aa71ff27fc2769a1b78a27578f13a17b -> 
  custom:container-demuxer-webm: 4f35f7cbe854078d1ac9338744f61a02 -> 
  custom:video-encoder-webm-vp8: eb34c28f22e8b96e1ab97ce403110664 -> 
  custom:audio-encoder-webm-vorbis: bf7c407c2cedff20999df2af8eb42d56 -> 
  custom:framework-win-MediaFoundation: 216162199b28c13a410421893ffa2e32 -> 
  custom:container-demuxer-ogg: 62fdf1f143b41e24485cea50d1cbac27 -> 
  custom:video-decoder-webm-vp8: 9c59270c3fd7afecdb556c50c9e8de78 -> 
  custom:audio-decoder-ogg-vorbis: bf7c407c2cedff20999df2af8eb42d56 -> 
========================================================================
Received Import Request.
  Time since last request: 723768.049336 seconds.
  path: Assets
  artifactKey: Guid(00000000000000001000000000000000) Importer(815301076,1909f56bfc062723c751e8b465ee728b)
Start importing Assets using Guid(00000000000000001000000000000000) Importer(815301076,1909f56bfc062723c751e8b465ee728b)  -> (artifact id: '79842766b460edbeab6a34051e857a80') in 0.019910 seconds 
========================================================================
Received Import Request.
  Time since last request: 102.056443 seconds.
  path: Assets/Samples
  artifactKey: Guid(bd0d6c3a89565264f9df6ceb86f146b1) Importer(815301076,1909f56bfc062723c751e8b465ee728b)
Start importing Assets/Samples using Guid(bd0d6c3a89565264f9df6ceb86f146b1) Importer(815301076,1909f56bfc062723c751e8b465ee728b)  -> (artifact id: 'd99cd3ee21bd4232d33cd9d6023c9e4d') in 0.013061 seconds 
========================================================================
Received Import Request.
  Time since last request: 4.181292 seconds.
  path: Assets/Samples/New Folder
  artifactKey: Guid(23d313d59a6d10a42befc6d74c425747) Importer(815301076,1909f56bfc062723c751e8b465ee728b)
Start importing Assets/Samples/New Folder using Guid(23d313d59a6d10a42befc6d74c425747) Importer(815301076,1909f56bfc062723c751e8b465ee728b)  -> (artifact id: '458955555a4aabe0757267bd90814faa') in 0.011896 seconds 
========================================================================
Received Import Request.
  Time since last request: 38.545203 seconds.
  path: Assets/Materials
  artifactKey: Guid(23a94392a187d1b459f892d59a437c65) Importer(815301076,1909f56bfc062723c751e8b465ee728b)
Start importing Assets/Materials using Guid(23a94392a187d1b459f892d59a437c65) Importer(815301076,1909f56bfc062723c751e8b465ee728b)  -> (artifact id: '7ede33343223514c2bbab7d7130fd207') in 0.010473 seconds 
========================================================================
Received Import Request.
  Time since last request: 679.454684 seconds.
  path: Assets/Scenes/Menu.unity
  artifactKey: Guid(63ed300e87b82b645848e4ed98b5c043) Importer(815301076,1909f56bfc062723c751e8b465ee728b)
Start importing Assets/Scenes/Menu.unity using Guid(63ed300e87b82b645848e4ed98b5c043) Importer(815301076,1909f56bfc062723c751e8b465ee728b)  -> (artifact id: 'f422a010bc04efca8cf4836c59ed0a51') in 0.013880 seconds 
========================================================================
Received Import Request.
  Time since last request: 23.394879 seconds.
  path: Assets/Scenes/SampleScene.unity
  artifactKey: Guid(9fc0d4010bbf28b4594072e72b8655ab) Importer(815301076,1909f56bfc062723c751e8b465ee728b)
Start importing Assets/Scenes/SampleScene.unity using Guid(9fc0d4010bbf28b4594072e72b8655ab) Importer(815301076,1909f56bfc062723c751e8b465ee728b)  -> (artifact id: '239aa7e62dbf4523a29d1bb5b4a32484') in 0.013060 seconds 
========================================================================
Received Import Request.
  Time since last request: 414.260745 seconds.
  path: Assets/Scenes/Menu.unity
  artifactKey: Guid(63ed300e87b82b645848e4ed98b5c043) Importer(815301076,1909f56bfc062723c751e8b465ee728b)
Start importing Assets/Scenes/Menu.unity using Guid(63ed300e87b82b645848e4ed98b5c043) Importer(815301076,1909f56bfc062723c751e8b465ee728b)  -> (artifact id: '1981f5568ff491497dc373113f05936f') in 0.007361 seconds 
========================================================================
Received Import Request.
  Time since last request: 234.643838 seconds.
  path: Assets/Materials/dark-background-texture.jpg
  artifactKey: Guid(33a732aa2d6c1dd4684f8b3cfb972905) Importer(815301076,1909f56bfc062723c751e8b465ee728b)
Start importing Assets/Materials/dark-background-texture.jpg using Guid(33a732aa2d6c1dd4684f8b3cfb972905) Importer(815301076,1909f56bfc062723c751e8b465ee728b)  -> (artifact id: '2149e091338f69e2b317128458cf93e4') in 0.142405 seconds 
========================================================================
Received Import Request.
  Time since last request: 20.340017 seconds.
  path: Assets/Materials/dark-background-texture.jpg
  artifactKey: Guid(33a732aa2d6c1dd4684f8b3cfb972905) Importer(815301076,1909f56bfc062723c751e8b465ee728b)
Start importing Assets/Materials/dark-background-texture.jpg using Guid(33a732aa2d6c1dd4684f8b3cfb972905) Importer(815301076,1909f56bfc062723c751e8b465ee728b)  -> (artifact id: '23e0d7b9032d69f4327848c175198b12') in 0.022166 seconds 
========================================================================
Received Import Request.
  Time since last request: 16.954461 seconds.
  path: Packages/com.unity.collab-proxy/Editor/PlasticSCM/Assets/Images/xlink.png
  artifactKey: Guid(556a2f3b046024d4c9621c1b4be5f0c1) Importer(815301076,1909f56bfc062723c751e8b465ee728b)
Start importing Packages/com.unity.collab-proxy/Editor/PlasticSCM/Assets/Images/xlink.png using Guid(556a2f3b046024d4c9621c1b4be5f0c1) Importer(815301076,1909f56bfc062723c751e8b465ee728b)  -> (artifact id: '0d2cecede614eeeba9f921bcc2264d16') in 0.144621 seconds 
========================================================================
Received Import Request.
  Time since last request: 2.348459 seconds.
  path: Packages/com.unity.collab-proxy/Editor/PlasticSCM/Assets/Images/secondarytabclose.png
  artifactKey: Guid(03cefa94d5aa9d74993fb2138af9d607) Importer(815301076,1909f56bfc062723c751e8b465ee728b)
Start importing Packages/com.unity.collab-proxy/Editor/PlasticSCM/Assets/Images/secondarytabclose.png using Guid(03cefa94d5aa9d74993fb2138af9d607) Importer(815301076,1909f56bfc062723c751e8b465ee728b)  -> (artifact id: 'ff94399ea5c193da1746d3e2aa53f21d') in 0.043440 seconds 
========================================================================
Received Import Request.
  Time since last request: 1.474360 seconds.
  path: Packages/com.unity.collab-proxy/Editor/PlasticSCM/Assets/Images/d_secondarytabclose.png
  artifactKey: Guid(6975ee4c1f40caf4da8dd733ee2cfeaf) Importer(815301076,1909f56bfc062723c751e8b465ee728b)
Start importing Packages/com.unity.collab-proxy/Editor/PlasticSCM/Assets/Images/d_secondarytabclose.png using Guid(6975ee4c1f40caf4da8dd733ee2cfeaf) Importer(815301076,1909f56bfc062723c751e8b465ee728b)  -> (artifact id: 'e46ef1a2b75ae6ebf980aea0582363a0') in 0.036800 seconds 
========================================================================
Received Import Request.
  Time since last request: 0.000052 seconds.
  path: Packages/com.unity.collab-proxy/Editor/PlasticSCM/Assets/Images/d_secondarytabclosehover@2x.png
  artifactKey: Guid(9aa4348290784b2468144a97eb15d8d7) Importer(815301076,1909f56bfc062723c751e8b465ee728b)
Start importing Packages/com.unity.collab-proxy/Editor/PlasticSCM/Assets/Images/d_secondarytabclosehover@2x.png using Guid(9aa4348290784b2468144a97eb15d8d7) Importer(815301076,1909f56bfc062723c751e8b465ee728b)  -> (artifact id: '06a338d25c5a3ab3bc99125dc2ae6d67') in 0.039343 seconds 
========================================================================
Received Import Request.
  Time since last request: 0.000052 seconds.
  path: Packages/com.unity.collab-proxy/Editor/PlasticSCM/Assets/Images/d_secondarytabclosehover.png
  artifactKey: Guid(6a9d211bea1bc4a429d86cbb2d0b0a3e) Importer(815301076,1909f56bfc062723c751e8b465ee728b)
Start importing Packages/com.unity.collab-proxy/Editor/PlasticSCM/Assets/Images/d_secondarytabclosehover.png using Guid(6a9d211bea1bc4a429d86cbb2d0b0a3e) Importer(815301076,1909f56bfc062723c751e8b465ee728b)  -> (artifact id: '77edf9391fa116652875b7bdb85109ca') in 0.041094 seconds 
========================================================================
Received Prepare
Registering precompiled user dll's ...
Registered in 0.010999 seconds.
Begin MonoManager ReloadAssembly
Symbol file LoadedFromMemory doesn't match image D:\My f-project\Library\PackageCache\com.unity.visualscripting@1.7.8\Editor\VisualScripting.Core\Dependencies\YamlDotNet\Unity.VisualScripting.YamlDotNet.dll
Symbol file LoadedFromMemory doesn't match image D:\My f-project\Library\PackageCache\com.unity.visualscripting@1.7.8\Editor\VisualScripting.Core\Dependencies\DotNetZip\Unity.VisualScripting.IonicZip.dll
Native extension for WindowsStandalone target not found
Refreshing native plugins compatible for Editor in 2.25 ms, found 3 plugins.
Preloading 0 native plugins for Editor in 0.00 ms.
Mono: successfully reloaded assembly
- Completed reload, in  3.440 seconds
Domain Reload Profiling:
	ReloadAssembly (3442ms)
		BeginReloadAssembly (392ms)
			ExecutionOrderSort (0ms)
			DisableScriptedObjects (10ms)
			BackupInstance (0ms)
			ReleaseScriptingObjects (0ms)
			CreateAndSetChildDomain (77ms)
		EndReloadAssembly (2804ms)
			LoadAssemblies (282ms)
			RebuildTransferFunctionScriptingTraits (0ms)
			SetupTypeCache (910ms)
			ReleaseScriptCaches (5ms)
			RebuildScriptCaches (166ms)
			SetupLoadedEditorAssemblies (1378ms)
				LogAssemblyErrors (0ms)
				InitializePlatformSupportModulesInManaged (60ms)
				SetLoadedEditorAssemblies (2ms)
				RefreshPlugins (3ms)
				BeforeProcessingInitializeOnLoad (224ms)
				ProcessInitializeOnLoadAttributes (963ms)
				ProcessInitializeOnLoadMethodAttributes (101ms)
				AfterProcessingInitializeOnLoad (26ms)
				EditorAssembliesLoaded (1ms)
			ExecutionOrderSort2 (0ms)
			AwakeInstancesAfterBackupRestoration (21ms)
Platform modules already initialized, skipping
Refreshing native plugins compatible for Editor in 6.01 ms, found 3 plugins.
Preloading 0 native plugins for Editor in 0.00 ms.
Unloading 3568 Unused Serialized files (Serialized files now loaded: 0)
Unloading 32 unused Assets / (0.8 MB). Loaded Objects now: 4062.
Memory consumption went from 132.5 MB to 131.7 MB.
Total: 11.169300 ms (FindLiveObjects: 1.236200 ms CreateObjectMapping: 0.547900 ms MarkObjects: 8.609000 ms  DeleteObjects: 0.773500 ms)

AssetImportParameters requested are different than current active one (requested -> active):
  custom:video-decoder-ogg-theora: a1e56fd34408186e4bbccfd4996cb3dc -> 
  custom:container-muxer-webm: aa71ff27fc2769a1b78a27578f13a17b -> 
  custom:container-demuxer-webm: 4f35f7cbe854078d1ac9338744f61a02 -> 
  custom:video-encoder-webm-vp8: eb34c28f22e8b96e1ab97ce403110664 -> 
  custom:audio-encoder-webm-vorbis: bf7c407c2cedff20999df2af8eb42d56 -> 
  custom:framework-win-MediaFoundation: 216162199b28c13a410421893ffa2e32 -> 
  custom:container-demuxer-ogg: 62fdf1f143b41e24485cea50d1cbac27 -> 
  custom:video-decoder-webm-vp8: 9c59270c3fd7afecdb556c50c9e8de78 -> 
  custom:audio-decoder-ogg-vorbis: bf7c407c2cedff20999df2af8eb42d56 -> 
========================================================================
Received Import Request.
  Time since last request: 1330.076478 seconds.
  path: Assets/Shaders/AdditiveTint.shader
  artifactKey: Guid(60e743529586230489e2be938c11213a) Importer(815301076,1909f56bfc062723c751e8b465ee728b)
Start importing Assets/Shaders/AdditiveTint.shader using Guid(60e743529586230489e2be938c11213a) Importer(815301076,1909f56bfc062723c751e8b465ee728b)  -> (artifact id: 'ce412393f46fed7b6cedf4ff40a3c620') in 0.040630 seconds 
========================================================================
Received Import Request.
  Time since last request: 299.366733 seconds.
  path: Assets/Scirept/Univaresal Script/Menu.cs
  artifactKey: Guid(34225777c1d53b4449b88e73e2e4ad24) Importer(815301076,1909f56bfc062723c751e8b465ee728b)
Start importing Assets/Scirept/Univaresal Script/Menu.cs using Guid(34225777c1d53b4449b88e73e2e4ad24) Importer(815301076,1909f56bfc062723c751e8b465ee728b)  -> (artifact id: 'ff0f00466090816a2e27a316053a8c1d') in 0.019346 seconds 
========================================================================
Received Prepare
Registering precompiled user dll's ...
Registered in 0.015741 seconds.
Begin MonoManager ReloadAssembly
Symbol file LoadedFromMemory doesn't match image D:\My f-project\Library\PackageCache\com.unity.visualscripting@1.7.8\Editor\VisualScripting.Core\Dependencies\YamlDotNet\Unity.VisualScripting.YamlDotNet.dll
Symbol file LoadedFromMemory doesn't match image D:\My f-project\Library\PackageCache\com.unity.visualscripting@1.7.8\Editor\VisualScripting.Core\Dependencies\DotNetZip\Unity.VisualScripting.IonicZip.dll
Native extension for WindowsStandalone target not found
Refreshing native plugins compatible for Editor in 1.06 ms, found 3 plugins.
Preloading 0 native plugins for Editor in 0.00 ms.
Mono: successfully reloaded assembly
- Completed reload, in  3.498 seconds
Domain Reload Profiling:
	ReloadAssembly (3499ms)
		BeginReloadAssembly (606ms)
			ExecutionOrderSort (0ms)
			DisableScriptedObjects (18ms)
			BackupInstance (0ms)
			ReleaseScriptingObjects (0ms)
			CreateAndSetChildDomain (114ms)
		EndReloadAssembly (2489ms)
			LoadAssemblies (456ms)
			RebuildTransferFunctionScriptingTraits (0ms)
			SetupTypeCache (941ms)
			ReleaseScriptCaches (5ms)
			RebuildScriptCaches (122ms)
			SetupLoadedEditorAssemblies (1091ms)
				LogAssemblyErrors (0ms)
				InitializePlatformSupportModulesInManaged (25ms)
				SetLoadedEditorAssemblies (1ms)
				RefreshPlugins (1ms)
				BeforeProcessingInitializeOnLoad (175ms)
				ProcessInitializeOnLoadAttributes (749ms)
				ProcessInitializeOnLoadMethodAttributes (112ms)
				AfterProcessingInitializeOnLoad (27ms)
				EditorAssembliesLoaded (1ms)
			ExecutionOrderSort2 (0ms)
			AwakeInstancesAfterBackupRestoration (15ms)
Platform modules already initialized, skipping
Refreshing native plugins compatible for Editor in 6.52 ms, found 3 plugins.
Preloading 0 native plugins for Editor in 0.00 ms.
Unloading 3569 Unused Serialized files (Serialized files now loaded: 0)
Unloading 32 unused Assets / (0.8 MB). Loaded Objects now: 4078.
Memory consumption went from 132.5 MB to 131.8 MB.
Total: 12.349400 ms (FindLiveObjects: 0.724200 ms CreateObjectMapping: 0.501900 ms MarkObjects: 10.053800 ms  DeleteObjects: 1.066200 ms)

AssetImportParameters requested are different than current active one (requested -> active):
  custom:video-decoder-ogg-theora: a1e56fd34408186e4bbccfd4996cb3dc -> 
  custom:container-muxer-webm: aa71ff27fc2769a1b78a27578f13a17b -> 
  custom:container-demuxer-webm: 4f35f7cbe854078d1ac9338744f61a02 -> 
  custom:video-encoder-webm-vp8: eb34c28f22e8b96e1ab97ce403110664 -> 
  custom:audio-encoder-webm-vorbis: bf7c407c2cedff20999df2af8eb42d56 -> 
  custom:framework-win-MediaFoundation: 216162199b28c13a410421893ffa2e32 -> 
  custom:container-demuxer-ogg: 62fdf1f143b41e24485cea50d1cbac27 -> 
  custom:video-decoder-webm-vp8: 9c59270c3fd7afecdb556c50c9e8de78 -> 
  custom:audio-decoder-ogg-vorbis: bf7c407c2cedff20999df2af8eb42d56 -> 
========================================================================
Received Import Request.
  Time since last request: 244.296052 seconds.
  path: Assets/Scirept/Univaresal Script/Menu.cs
  artifactKey: Guid(34225777c1d53b4449b88e73e2e4ad24) Importer(815301076,1909f56bfc062723c751e8b465ee728b)
Start importing Assets/Scirept/Univaresal Script/Menu.cs using Guid(34225777c1d53b4449b88e73e2e4ad24) Importer(815301076,1909f56bfc062723c751e8b465ee728b)  -> (artifact id: '7231119fd21af4bf7a49df3d067eddf1') in 0.019275 seconds 
========================================================================
Received Prepare
Registering precompiled user dll's ...
Registered in 0.013464 seconds.
Begin MonoManager ReloadAssembly
Symbol file LoadedFromMemory doesn't match image D:\My f-project\Library\PackageCache\com.unity.visualscripting@1.7.8\Editor\VisualScripting.Core\Dependencies\YamlDotNet\Unity.VisualScripting.YamlDotNet.dll
Symbol file LoadedFromMemory doesn't match image D:\My f-project\Library\PackageCache\com.unity.visualscripting@1.7.8\Editor\VisualScripting.Core\Dependencies\DotNetZip\Unity.VisualScripting.IonicZip.dll
Native extension for WindowsStandalone target not found
Refreshing native plugins compatible for Editor in 1.09 ms, found 3 plugins.
Preloading 0 native plugins for Editor in 0.00 ms.
Mono: successfully reloaded assembly
- Completed reload, in  3.180 seconds
Domain Reload Profiling:
	ReloadAssembly (3181ms)
		BeginReloadAssembly (431ms)
			ExecutionOrderSort (0ms)
			DisableScriptedObjects (15ms)
			BackupInstance (0ms)
			ReleaseScriptingObjects (0ms)
			CreateAndSetChildDomain (74ms)
		EndReloadAssembly (2402ms)
			LoadAssemblies (325ms)
			RebuildTransferFunctionScriptingTraits (0ms)
			SetupTypeCache (848ms)
			ReleaseScriptCaches (2ms)
			RebuildScriptCaches (132ms)
			SetupLoadedEditorAssemblies (1078ms)
				LogAssemblyErrors (0ms)
				InitializePlatformSupportModulesInManaged (30ms)
				SetLoadedEditorAssemblies (1ms)
				RefreshPlugins (1ms)
				BeforeProcessingInitializeOnLoad (166ms)
				ProcessInitializeOnLoadAttributes (775ms)
				ProcessInitializeOnLoadMethodAttributes (76ms)
				AfterProcessingInitializeOnLoad (27ms)
				EditorAssembliesLoaded (1ms)
			ExecutionOrderSort2 (0ms)
			AwakeInstancesAfterBackupRestoration (17ms)
Platform modules already initialized, skipping
Refreshing native plugins compatible for Editor in 3.18 ms, found 3 plugins.
Preloading 0 native plugins for Editor in 0.00 ms.
Unloading 3569 Unused Serialized files (Serialized files now loaded: 0)
Unloading 32 unused Assets / (0.8 MB). Loaded Objects now: 4093.
Memory consumption went from 132.6 MB to 131.8 MB.
Total: 7.548900 ms (FindLiveObjects: 0.410400 ms CreateObjectMapping: 0.401500 ms MarkObjects: 5.682000 ms  DeleteObjects: 1.052400 ms)

AssetImportParameters requested are different than current active one (requested -> active):
  custom:video-decoder-ogg-theora: a1e56fd34408186e4bbccfd4996cb3dc -> 
  custom:container-muxer-webm: aa71ff27fc2769a1b78a27578f13a17b -> 
  custom:container-demuxer-webm: 4f35f7cbe854078d1ac9338744f61a02 -> 
  custom:video-encoder-webm-vp8: eb34c28f22e8b96e1ab97ce403110664 -> 
  custom:audio-encoder-webm-vorbis: bf7c407c2cedff20999df2af8eb42d56 -> 
  custom:framework-win-MediaFoundation: 216162199b28c13a410421893ffa2e32 -> 
  custom:container-demuxer-ogg: 62fdf1f143b41e24485cea50d1cbac27 -> 
  custom:video-decoder-webm-vp8: 9c59270c3fd7afecdb556c50c9e8de78 -> 
  custom:audio-decoder-ogg-vorbis: bf7c407c2cedff20999df2af8eb42d56 -> 
========================================================================
Received Prepare
Registering precompiled user dll's ...
Registered in 0.008573 seconds.
Begin MonoManager ReloadAssembly
Symbol file LoadedFromMemory doesn't match image D:\My f-project\Library\PackageCache\com.unity.visualscripting@1.7.8\Editor\VisualScripting.Core\Dependencies\YamlDotNet\Unity.VisualScripting.YamlDotNet.dll
Symbol file LoadedFromMemory doesn't match image D:\My f-project\Library\PackageCache\com.unity.visualscripting@1.7.8\Editor\VisualScripting.Core\Dependencies\DotNetZip\Unity.VisualScripting.IonicZip.dll
Native extension for WindowsStandalone target not found
Refreshing native plugins compatible for Editor in 0.95 ms, found 3 plugins.
Preloading 0 native plugins for Editor in 0.00 ms.
Mono: successfully reloaded assembly
- Completed reload, in  2.552 seconds
Domain Reload Profiling:
	ReloadAssembly (2554ms)
		BeginReloadAssembly (436ms)
			ExecutionOrderSort (0ms)
			DisableScriptedObjects (11ms)
			BackupInstance (0ms)
			ReleaseScriptingObjects (0ms)
			CreateAndSetChildDomain (69ms)
		EndReloadAssembly (1871ms)
			LoadAssemblies (385ms)
			RebuildTransferFunctionScriptingTraits (0ms)
			SetupTypeCache (644ms)
			ReleaseScriptCaches (2ms)
			RebuildScriptCaches (92ms)
			SetupLoadedEditorAssemblies (810ms)
				LogAssemblyErrors (0ms)
				InitializePlatformSupportModulesInManaged (25ms)
				SetLoadedEditorAssemblies (1ms)
				RefreshPlugins (1ms)
				BeforeProcessingInitializeOnLoad (130ms)
				ProcessInitializeOnLoadAttributes (584ms)
				ProcessInitializeOnLoadMethodAttributes (51ms)
				AfterProcessingInitializeOnLoad (17ms)
				EditorAssembliesLoaded (1ms)
			ExecutionOrderSort2 (0ms)
			AwakeInstancesAfterBackupRestoration (13ms)
Platform modules already initialized, skipping
Refreshing native plugins compatible for Editor in 3.19 ms, found 3 plugins.
Preloading 0 native plugins for Editor in 0.00 ms.
Unloading 3569 Unused Serialized files (Serialized files now loaded: 0)
Unloading 32 unused Assets / (0.8 MB). Loaded Objects now: 4108.
Memory consumption went from 132.6 MB to 131.8 MB.
Total: 6.532600 ms (FindLiveObjects: 0.368700 ms CreateObjectMapping: 0.370400 ms MarkObjects: 4.957200 ms  DeleteObjects: 0.834300 ms)

AssetImportParameters requested are different than current active one (requested -> active):
  custom:video-decoder-ogg-theora: a1e56fd34408186e4bbccfd4996cb3dc -> 
  custom:container-muxer-webm: aa71ff27fc2769a1b78a27578f13a17b -> 
  custom:container-demuxer-webm: 4f35f7cbe854078d1ac9338744f61a02 -> 
  custom:video-encoder-webm-vp8: eb34c28f22e8b96e1ab97ce403110664 -> 
  custom:audio-encoder-webm-vorbis: bf7c407c2cedff20999df2af8eb42d56 -> 
  custom:framework-win-MediaFoundation: 216162199b28c13a410421893ffa2e32 -> 
  custom:container-demuxer-ogg: 62fdf1f143b41e24485cea50d1cbac27 -> 
  custom:video-decoder-webm-vp8: 9c59270c3fd7afecdb556c50c9e8de78 -> 
  custom:audio-decoder-ogg-vorbis: bf7c407c2cedff20999df2af8eb42d56 -> 
========================================================================
Received Prepare
Registering precompiled user dll's ...
Registered in 0.012309 seconds.
Begin MonoManager ReloadAssembly
Symbol file LoadedFromMemory doesn't match image D:\My f-project\Library\PackageCache\com.unity.visualscripting@1.7.8\Editor\VisualScripting.Core\Dependencies\YamlDotNet\Unity.VisualScripting.YamlDotNet.dll
Symbol file LoadedFromMemory doesn't match image D:\My f-project\Library\PackageCache\com.unity.visualscripting@1.7.8\Editor\VisualScripting.Core\Dependencies\DotNetZip\Unity.VisualScripting.IonicZip.dll
Native extension for WindowsStandalone target not found
Refreshing native plugins compatible for Editor in 1.96 ms, found 3 plugins.
Preloading 0 native plugins for Editor in 0.00 ms.
Mono: successfully reloaded assembly
- Completed reload, in  3.606 seconds
Domain Reload Profiling:
	ReloadAssembly (3610ms)
		BeginReloadAssembly (413ms)
			ExecutionOrderSort (0ms)
			DisableScriptedObjects (13ms)
			BackupInstance (0ms)
			ReleaseScriptingObjects (0ms)
			CreateAndSetChildDomain (71ms)
		EndReloadAssembly (2943ms)
			LoadAssemblies (306ms)
			RebuildTransferFunctionScriptingTraits (0ms)
			SetupTypeCache (936ms)
			ReleaseScriptCaches (2ms)
			RebuildScriptCaches (171ms)
			SetupLoadedEditorAssemblies (1367ms)
				LogAssemblyErrors (0ms)
				InitializePlatformSupportModulesInManaged (44ms)
				SetLoadedEditorAssemblies (2ms)
				RefreshPlugins (2ms)
				BeforeProcessingInitializeOnLoad (226ms)
				ProcessInitializeOnLoadAttributes (832ms)
				ProcessInitializeOnLoadMethodAttributes (182ms)
				AfterProcessingInitializeOnLoad (69ms)
				EditorAssembliesLoaded (10ms)
			ExecutionOrderSort2 (0ms)
			AwakeInstancesAfterBackupRestoration (42ms)
Platform modules already initialized, skipping
Refreshing native plugins compatible for Editor in 5.37 ms, found 3 plugins.
Preloading 0 native plugins for Editor in 0.00 ms.
Unloading 3569 Unused Serialized files (Serialized files now loaded: 0)
Unloading 32 unused Assets / (0.8 MB). Loaded Objects now: 4123.
Memory consumption went from 132.6 MB to 131.8 MB.
Total: 17.276500 ms (FindLiveObjects: 0.731200 ms CreateObjectMapping: 0.928100 ms MarkObjects: 14.594200 ms  DeleteObjects: 1.020000 ms)

AssetImportParameters requested are different than current active one (requested -> active):
  custom:video-decoder-ogg-theora: a1e56fd34408186e4bbccfd4996cb3dc -> 
  custom:container-muxer-webm: aa71ff27fc2769a1b78a27578f13a17b -> 
  custom:container-demuxer-webm: 4f35f7cbe854078d1ac9338744f61a02 -> 
  custom:video-encoder-webm-vp8: eb34c28f22e8b96e1ab97ce403110664 -> 
  custom:audio-encoder-webm-vorbis: bf7c407c2cedff20999df2af8eb42d56 -> 
  custom:framework-win-MediaFoundation: 216162199b28c13a410421893ffa2e32 -> 
  custom:container-demuxer-ogg: 62fdf1f143b41e24485cea50d1cbac27 -> 
  custom:video-decoder-webm-vp8: 9c59270c3fd7afecdb556c50c9e8de78 -> 
  custom:audio-decoder-ogg-vorbis: bf7c407c2cedff20999df2af8eb42d56 -> 
========================================================================
Received Prepare
Registering precompiled user dll's ...
Registered in 0.012838 seconds.
Begin MonoManager ReloadAssembly
Symbol file LoadedFromMemory doesn't match image D:\My f-project\Library\PackageCache\com.unity.visualscripting@1.7.8\Editor\VisualScripting.Core\Dependencies\YamlDotNet\Unity.VisualScripting.YamlDotNet.dll
Symbol file LoadedFromMemory doesn't match image D:\My f-project\Library\PackageCache\com.unity.visualscripting@1.7.8\Editor\VisualScripting.Core\Dependencies\DotNetZip\Unity.VisualScripting.IonicZip.dll
Native extension for WindowsStandalone target not found
Refreshing native plugins compatible for Editor in 3.46 ms, found 3 plugins.
Preloading 0 native plugins for Editor in 0.00 ms.
Mono: successfully reloaded assembly
- Completed reload, in  3.705 seconds
Domain Reload Profiling:
	ReloadAssembly (3706ms)
		BeginReloadAssembly (375ms)
			ExecutionOrderSort (0ms)
			DisableScriptedObjects (10ms)
			BackupInstance (0ms)
			ReleaseScriptingObjects (0ms)
			CreateAndSetChildDomain (71ms)
		EndReloadAssembly (3053ms)
			LoadAssemblies (283ms)
			RebuildTransferFunctionScriptingTraits (0ms)
			SetupTypeCache (1021ms)
			ReleaseScriptCaches (3ms)
			RebuildScriptCaches (225ms)
			SetupLoadedEditorAssemblies (1249ms)
				LogAssemblyErrors (0ms)
				InitializePlatformSupportModulesInManaged (94ms)
				SetLoadedEditorAssemblies (4ms)
				RefreshPlugins (4ms)
				BeforeProcessingInitializeOnLoad (330ms)
				ProcessInitializeOnLoadAttributes (705ms)
				ProcessInitializeOnLoadMethodAttributes (92ms)
				AfterProcessingInitializeOnLoad (19ms)
				EditorAssembliesLoaded (0ms)
			ExecutionOrderSort2 (0ms)
			AwakeInstancesAfterBackupRestoration (13ms)
Platform modules already initialized, skipping
Refreshing native plugins compatible for Editor in 9.76 ms, found 3 plugins.
Preloading 0 native plugins for Editor in 0.00 ms.
Unloading 3569 Unused Serialized files (Serialized files now loaded: 0)
Unloading 32 unused Assets / (0.8 MB). Loaded Objects now: 4138.
Memory consumption went from 132.6 MB to 131.9 MB.
Total: 14.903400 ms (FindLiveObjects: 0.681900 ms CreateObjectMapping: 0.626800 ms MarkObjects: 11.986000 ms  DeleteObjects: 1.603500 ms)

AssetImportParameters requested are different than current active one (requested -> active):
  custom:video-decoder-ogg-theora: a1e56fd34408186e4bbccfd4996cb3dc -> 
  custom:container-muxer-webm: aa71ff27fc2769a1b78a27578f13a17b -> 
  custom:container-demuxer-webm: 4f35f7cbe854078d1ac9338744f61a02 -> 
  custom:video-encoder-webm-vp8: eb34c28f22e8b96e1ab97ce403110664 -> 
  custom:audio-encoder-webm-vorbis: bf7c407c2cedff20999df2af8eb42d56 -> 
  custom:framework-win-MediaFoundation: 216162199b28c13a410421893ffa2e32 -> 
  custom:container-demuxer-ogg: 62fdf1f143b41e24485cea50d1cbac27 -> 
  custom:video-decoder-webm-vp8: 9c59270c3fd7afecdb556c50c9e8de78 -> 
  custom:audio-decoder-ogg-vorbis: bf7c407c2cedff20999df2af8eb42d56 -> 
========================================================================
Received Prepare
Registering precompiled user dll's ...
Registered in 0.007519 seconds.
Begin MonoManager ReloadAssembly
Symbol file LoadedFromMemory doesn't match image D:\My f-project\Library\PackageCache\com.unity.visualscripting@1.7.8\Editor\VisualScripting.Core\Dependencies\YamlDotNet\Unity.VisualScripting.YamlDotNet.dll
Symbol file LoadedFromMemory doesn't match image D:\My f-project\Library\PackageCache\com.unity.visualscripting@1.7.8\Editor\VisualScripting.Core\Dependencies\DotNetZip\Unity.VisualScripting.IonicZip.dll
Native extension for WindowsStandalone target not found
Refreshing native plugins compatible for Editor in 1.49 ms, found 3 plugins.
Preloading 0 native plugins for Editor in 0.00 ms.
Mono: successfully reloaded assembly
- Completed reload, in  3.402 seconds
Domain Reload Profiling:
	ReloadAssembly (3403ms)
		BeginReloadAssembly (378ms)
			ExecutionOrderSort (0ms)
			DisableScriptedObjects (14ms)
			BackupInstance (0ms)
			ReleaseScriptingObjects (0ms)
			CreateAndSetChildDomain (67ms)
		EndReloadAssembly (2758ms)
			LoadAssemblies (293ms)
			RebuildTransferFunctionScriptingTraits (0ms)
			SetupTypeCache (883ms)
			ReleaseScriptCaches (2ms)
			RebuildScriptCaches (170ms)
			SetupLoadedEditorAssemblies (1323ms)
				LogAssemblyErrors (0ms)
				InitializePlatformSupportModulesInManaged (41ms)
				SetLoadedEditorAssemblies (2ms)
				RefreshPlugins (2ms)
				BeforeProcessingInitializeOnLoad (197ms)
				ProcessInitializeOnLoadAttributes (946ms)
				ProcessInitializeOnLoadMethodAttributes (100ms)
				AfterProcessingInitializeOnLoad (33ms)
				EditorAssembliesLoaded (1ms)
			ExecutionOrderSort2 (0ms)
			AwakeInstancesAfterBackupRestoration (21ms)
Platform modules already initialized, skipping
Refreshing native plugins compatible for Editor in 7.90 ms, found 3 plugins.
Preloading 0 native plugins for Editor in 0.00 ms.
Unloading 3569 Unused Serialized files (Serialized files now loaded: 0)
Unloading 32 unused Assets / (0.8 MB). Loaded Objects now: 4153.
Memory consumption went from 132.6 MB to 131.9 MB.
Total: 11.942300 ms (FindLiveObjects: 0.475800 ms CreateObjectMapping: 0.856700 ms MarkObjects: 8.954500 ms  DeleteObjects: 1.650900 ms)

AssetImportParameters requested are different than current active one (requested -> active):
  custom:video-decoder-ogg-theora: a1e56fd34408186e4bbccfd4996cb3dc -> 
  custom:container-muxer-webm: aa71ff27fc2769a1b78a27578f13a17b -> 
  custom:container-demuxer-webm: 4f35f7cbe854078d1ac9338744f61a02 -> 
  custom:video-encoder-webm-vp8: eb34c28f22e8b96e1ab97ce403110664 -> 
  custom:audio-encoder-webm-vorbis: bf7c407c2cedff20999df2af8eb42d56 -> 
  custom:framework-win-MediaFoundation: 216162199b28c13a410421893ffa2e32 -> 
  custom:container-demuxer-ogg: 62fdf1f143b41e24485cea50d1cbac27 -> 
  custom:video-decoder-webm-vp8: 9c59270c3fd7afecdb556c50c9e8de78 -> 
  custom:audio-decoder-ogg-vorbis: bf7c407c2cedff20999df2af8eb42d56 -> 
========================================================================
Received Prepare
Registering precompiled user dll's ...
Registered in 0.010424 seconds.
Begin MonoManager ReloadAssembly
Symbol file LoadedFromMemory doesn't match image D:\My f-project\Library\PackageCache\com.unity.visualscripting@1.7.8\Editor\VisualScripting.Core\Dependencies\YamlDotNet\Unity.VisualScripting.YamlDotNet.dll
Symbol file LoadedFromMemory doesn't match image D:\My f-project\Library\PackageCache\com.unity.visualscripting@1.7.8\Editor\VisualScripting.Core\Dependencies\DotNetZip\Unity.VisualScripting.IonicZip.dll
Native extension for WindowsStandalone target not found
Refreshing native plugins compatible for Editor in 1.92 ms, found 3 plugins.
Preloading 0 native plugins for Editor in 0.00 ms.
Mono: successfully reloaded assembly
- Completed reload, in  3.362 seconds
Domain Reload Profiling:
	ReloadAssembly (3365ms)
		BeginReloadAssembly (415ms)
			ExecutionOrderSort (0ms)
			DisableScriptedObjects (11ms)
			BackupInstance (0ms)
			ReleaseScriptingObjects (0ms)
			CreateAndSetChildDomain (67ms)
		EndReloadAssembly (2722ms)
			LoadAssemblies (314ms)
			RebuildTransferFunctionScriptingTraits (0ms)
			SetupTypeCache (800ms)
			ReleaseScriptCaches (2ms)
			RebuildScriptCaches (170ms)
			SetupLoadedEditorAssemblies (1334ms)
				LogAssemblyErrors (0ms)
				InitializePlatformSupportModulesInManaged (49ms)
				SetLoadedEditorAssemblies (2ms)
				RefreshPlugins (2ms)
				BeforeProcessingInitializeOnLoad (220ms)
				ProcessInitializeOnLoadAttributes (922ms)
				ProcessInitializeOnLoadMethodAttributes (115ms)
				AfterProcessingInitializeOnLoad (23ms)
				EditorAssembliesLoaded (1ms)
			ExecutionOrderSort2 (0ms)
			AwakeInstancesAfterBackupRestoration (24ms)
Platform modules already initialized, skipping
Refreshing native plugins compatible for Editor in 3.78 ms, found 3 plugins.
Preloading 0 native plugins for Editor in 0.00 ms.
Unloading 3569 Unused Serialized files (Serialized files now loaded: 0)
Unloading 32 unused Assets / (0.8 MB). Loaded Objects now: 4168.
Memory consumption went from 132.7 MB to 131.9 MB.
Total: 7.449600 ms (FindLiveObjects: 0.385300 ms CreateObjectMapping: 0.377300 ms MarkObjects: 6.068600 ms  DeleteObjects: 0.616800 ms)

AssetImportParameters requested are different than current active one (requested -> active):
  custom:video-decoder-ogg-theora: a1e56fd34408186e4bbccfd4996cb3dc -> 
  custom:container-muxer-webm: aa71ff27fc2769a1b78a27578f13a17b -> 
  custom:container-demuxer-webm: 4f35f7cbe854078d1ac9338744f61a02 -> 
  custom:video-encoder-webm-vp8: eb34c28f22e8b96e1ab97ce403110664 -> 
  custom:audio-encoder-webm-vorbis: bf7c407c2cedff20999df2af8eb42d56 -> 
  custom:framework-win-MediaFoundation: 216162199b28c13a410421893ffa2e32 -> 
  custom:container-demuxer-ogg: 62fdf1f143b41e24485cea50d1cbac27 -> 
  custom:video-decoder-webm-vp8: 9c59270c3fd7afecdb556c50c9e8de78 -> 
  custom:audio-decoder-ogg-vorbis: bf7c407c2cedff20999df2af8eb42d56 -> 
========================================================================
Received Import Request.
  Time since last request: 1057.137282 seconds.
  path: Assets/Scenes/Menu.unity
  artifactKey: Guid(63ed300e87b82b645848e4ed98b5c043) Importer(815301076,1909f56bfc062723c751e8b465ee728b)
Start importing Assets/Scenes/Menu.unity using Guid(63ed300e87b82b645848e4ed98b5c043) Importer(815301076,1909f56bfc062723c751e8b465ee728b)  -> (artifact id: '8a6f9545b19f075b27de079a78ed07e1') in 0.014906 seconds 
========================================================================
Received Prepare
Registering precompiled user dll's ...
Registered in 0.009347 seconds.
Begin MonoManager ReloadAssembly
Symbol file LoadedFromMemory doesn't match image D:\My f-project\Library\PackageCache\com.unity.visualscripting@1.7.8\Editor\VisualScripting.Core\Dependencies\YamlDotNet\Unity.VisualScripting.YamlDotNet.dll
Symbol file LoadedFromMemory doesn't match image D:\My f-project\Library\PackageCache\com.unity.visualscripting@1.7.8\Editor\VisualScripting.Core\Dependencies\DotNetZip\Unity.VisualScripting.IonicZip.dll
Native extension for WindowsStandalone target not found
Refreshing native plugins compatible for Editor in 1.12 ms, found 3 plugins.
Preloading 0 native plugins for Editor in 0.00 ms.
Mono: successfully reloaded assembly
- Completed reload, in  3.628 seconds
Domain Reload Profiling:
	ReloadAssembly (3632ms)
		BeginReloadAssembly (430ms)
			ExecutionOrderSort (0ms)
			DisableScriptedObjects (13ms)
			BackupInstance (0ms)
			ReleaseScriptingObjects (0ms)
			CreateAndSetChildDomain (78ms)
		EndReloadAssembly (2914ms)
			LoadAssemblies (358ms)
			RebuildTransferFunctionScriptingTraits (0ms)
			SetupTypeCache (1003ms)
			ReleaseScriptCaches (5ms)
			RebuildScriptCaches (175ms)
			SetupLoadedEditorAssemblies (1306ms)
				LogAssemblyErrors (0ms)
				InitializePlatformSupportModulesInManaged (52ms)
				SetLoadedEditorAssemblies (2ms)
				RefreshPlugins (1ms)
				BeforeProcessingInitializeOnLoad (234ms)
				ProcessInitializeOnLoadAttributes (932ms)
				ProcessInitializeOnLoadMethodAttributes (63ms)
				AfterProcessingInitializeOnLoad (22ms)
				EditorAssembliesLoaded (1ms)
			ExecutionOrderSort2 (0ms)
			AwakeInstancesAfterBackupRestoration (18ms)
Platform modules already initialized, skipping
Refreshing native plugins compatible for Editor in 9.40 ms, found 3 plugins.
Preloading 0 native plugins for Editor in 0.00 ms.
Unloading 3569 Unused Serialized files (Serialized files now loaded: 0)
Unloading 32 unused Assets / (0.8 MB). Loaded Objects now: 4183.
Memory consumption went from 132.7 MB to 131.9 MB.
Total: 12.769300 ms (FindLiveObjects: 0.614600 ms CreateObjectMapping: 0.941300 ms MarkObjects: 10.336200 ms  DeleteObjects: 0.874500 ms)

AssetImportParameters requested are different than current active one (requested -> active):
  custom:video-decoder-ogg-theora: a1e56fd34408186e4bbccfd4996cb3dc -> 
  custom:container-muxer-webm: aa71ff27fc2769a1b78a27578f13a17b -> 
  custom:container-demuxer-webm: 4f35f7cbe854078d1ac9338744f61a02 -> 
  custom:video-encoder-webm-vp8: eb34c28f22e8b96e1ab97ce403110664 -> 
  custom:audio-encoder-webm-vorbis: bf7c407c2cedff20999df2af8eb42d56 -> 
  custom:framework-win-MediaFoundation: 216162199b28c13a410421893ffa2e32 -> 
  custom:container-demuxer-ogg: 62fdf1f143b41e24485cea50d1cbac27 -> 
  custom:video-decoder-webm-vp8: 9c59270c3fd7afecdb556c50c9e8de78 -> 
  custom:audio-decoder-ogg-vorbis: bf7c407c2cedff20999df2af8eb42d56 -> 
========================================================================
Received Prepare
Registering precompiled user dll's ...
Registered in 0.009657 seconds.
Begin MonoManager ReloadAssembly
Symbol file LoadedFromMemory doesn't match image D:\My f-project\Library\PackageCache\com.unity.visualscripting@1.7.8\Editor\VisualScripting.Core\Dependencies\YamlDotNet\Unity.VisualScripting.YamlDotNet.dll
Symbol file LoadedFromMemory doesn't match image D:\My f-project\Library\PackageCache\com.unity.visualscripting@1.7.8\Editor\VisualScripting.Core\Dependencies\DotNetZip\Unity.VisualScripting.IonicZip.dll
Native extension for WindowsStandalone target not found
Refreshing native plugins compatible for Editor in 1.24 ms, found 3 plugins.
Preloading 0 native plugins for Editor in 0.00 ms.
Mono: successfully reloaded assembly
- Completed reload, in  2.294 seconds
Domain Reload Profiling:
	ReloadAssembly (2295ms)
		BeginReloadAssembly (463ms)
			ExecutionOrderSort (0ms)
			DisableScriptedObjects (14ms)
			BackupInstance (0ms)
			ReleaseScriptingObjects (0ms)
			CreateAndSetChildDomain (109ms)
		EndReloadAssembly (1631ms)
			LoadAssemblies (304ms)
			RebuildTransferFunctionScriptingTraits (0ms)
			SetupTypeCache (593ms)
			ReleaseScriptCaches (2ms)
			RebuildScriptCaches (122ms)
			SetupLoadedEditorAssemblies (694ms)
				LogAssemblyErrors (0ms)
				InitializePlatformSupportModulesInManaged (23ms)
				SetLoadedEditorAssemblies (1ms)
				RefreshPlugins (1ms)
				BeforeProcessingInitializeOnLoad (139ms)
				ProcessInitializeOnLoadAttributes (459ms)
				ProcessInitializeOnLoadMethodAttributes (52ms)
				AfterProcessingInitializeOnLoad (18ms)
				EditorAssembliesLoaded (0ms)
			ExecutionOrderSort2 (0ms)
			AwakeInstancesAfterBackupRestoration (13ms)
Platform modules already initialized, skipping
Refreshing native plugins compatible for Editor in 3.02 ms, found 3 plugins.
Preloading 0 native plugins for Editor in 0.00 ms.
Unloading 3569 Unused Serialized files (Serialized files now loaded: 0)
Unloading 32 unused Assets / (0.8 MB). Loaded Objects now: 4198.
Memory consumption went from 132.7 MB to 131.9 MB.
Total: 6.980800 ms (FindLiveObjects: 0.979700 ms CreateObjectMapping: 0.402100 ms MarkObjects: 4.992700 ms  DeleteObjects: 0.604000 ms)

AssetImportParameters requested are different than current active one (requested -> active):
  custom:video-decoder-ogg-theora: a1e56fd34408186e4bbccfd4996cb3dc -> 
  custom:container-muxer-webm: aa71ff27fc2769a1b78a27578f13a17b -> 
  custom:container-demuxer-webm: 4f35f7cbe854078d1ac9338744f61a02 -> 
  custom:video-encoder-webm-vp8: eb34c28f22e8b96e1ab97ce403110664 -> 
  custom:audio-encoder-webm-vorbis: bf7c407c2cedff20999df2af8eb42d56 -> 
  custom:framework-win-MediaFoundation: 216162199b28c13a410421893ffa2e32 -> 
  custom:container-demuxer-ogg: 62fdf1f143b41e24485cea50d1cbac27 -> 
  custom:video-decoder-webm-vp8: 9c59270c3fd7afecdb556c50c9e8de78 -> 
  custom:audio-decoder-ogg-vorbis: bf7c407c2cedff20999df2af8eb42d56 -> 
========================================================================
Received Prepare
Registering precompiled user dll's ...
Registered in 0.011725 seconds.
Begin MonoManager ReloadAssembly
Symbol file LoadedFromMemory doesn't match image D:\My f-project\Library\PackageCache\com.unity.visualscripting@1.7.8\Editor\VisualScripting.Core\Dependencies\YamlDotNet\Unity.VisualScripting.YamlDotNet.dll
Symbol file LoadedFromMemory doesn't match image D:\My f-project\Library\PackageCache\com.unity.visualscripting@1.7.8\Editor\VisualScripting.Core\Dependencies\DotNetZip\Unity.VisualScripting.IonicZip.dll
Native extension for WindowsStandalone target not found
Refreshing native plugins compatible for Editor in 2.05 ms, found 3 plugins.
Preloading 0 native plugins for Editor in 0.00 ms.
Mono: successfully reloaded assembly
- Completed reload, in  4.446 seconds
Domain Reload Profiling:
	ReloadAssembly (4449ms)
		BeginReloadAssembly (415ms)
			ExecutionOrderSort (0ms)
			DisableScriptedObjects (12ms)
			BackupInstance (0ms)
			ReleaseScriptingObjects (0ms)
			CreateAndSetChildDomain (73ms)
		EndReloadAssembly (3761ms)
			LoadAssemblies (315ms)
			RebuildTransferFunctionScriptingTraits (0ms)
			SetupTypeCache (1126ms)
			ReleaseScriptCaches (5ms)
			RebuildScriptCaches (236ms)
			SetupLoadedEditorAssemblies (1915ms)
				LogAssemblyErrors (0ms)
				InitializePlatformSupportModulesInManaged (59ms)
				SetLoadedEditorAssemblies (1ms)
				RefreshPlugins (2ms)
				BeforeProcessingInitializeOnLoad (319ms)
				ProcessInitializeOnLoadAttributes (1367ms)
				ProcessInitializeOnLoadMethodAttributes (130ms)
				AfterProcessingInitializeOnLoad (36ms)
				EditorAssembliesLoaded (0ms)
			ExecutionOrderSort2 (0ms)
			AwakeInstancesAfterBackupRestoration (24ms)
Platform modules already initialized, skipping
Refreshing native plugins compatible for Editor in 9.36 ms, found 3 plugins.
Preloading 0 native plugins for Editor in 0.00 ms.
Unloading 3569 Unused Serialized files (Serialized files now loaded: 0)
Unloading 32 unused Assets / (0.8 MB). Loaded Objects now: 4213.
Memory consumption went from 132.7 MB to 131.9 MB.
Total: 13.361600 ms (FindLiveObjects: 1.607200 ms CreateObjectMapping: 0.928200 ms MarkObjects: 9.978200 ms  DeleteObjects: 0.845200 ms)

AssetImportParameters requested are different than current active one (requested -> active):
  custom:video-decoder-ogg-theora: a1e56fd34408186e4bbccfd4996cb3dc -> 
  custom:container-muxer-webm: aa71ff27fc2769a1b78a27578f13a17b -> 
  custom:container-demuxer-webm: 4f35f7cbe854078d1ac9338744f61a02 -> 
  custom:video-encoder-webm-vp8: eb34c28f22e8b96e1ab97ce403110664 -> 
  custom:audio-encoder-webm-vorbis: bf7c407c2cedff20999df2af8eb42d56 -> 
  custom:framework-win-MediaFoundation: 216162199b28c13a410421893ffa2e32 -> 
  custom:container-demuxer-ogg: 62fdf1f143b41e24485cea50d1cbac27 -> 
  custom:video-decoder-webm-vp8: 9c59270c3fd7afecdb556c50c9e8de78 -> 
  custom:audio-decoder-ogg-vorbis: bf7c407c2cedff20999df2af8eb42d56 -> 
========================================================================
Received Import Request.
  Time since last request: 1033.179811 seconds.
  path: Assets/Scirept/Camera Scriept/ShakeCamera.cs
  artifactKey: Guid(c6497a9f06fa522498a84b4c2ba00b51) Importer(815301076,1909f56bfc062723c751e8b465ee728b)
Start importing Assets/Scirept/Camera Scriept/ShakeCamera.cs using Guid(c6497a9f06fa522498a84b4c2ba00b51) Importer(815301076,1909f56bfc062723c751e8b465ee728b)  -> (artifact id: '561a86fc6982fcec89d57e6b4dd000b6') in 0.022758 seconds 
========================================================================
Received Import Request.
  Time since last request: 6.540187 seconds.
  path: Assets/Scirept/Enemy Scirept/EnemyMovement.cs
  artifactKey: Guid(7460e50a375193841b4ea71ef602ca7b) Importer(815301076,1909f56bfc062723c751e8b465ee728b)
Start importing Assets/Scirept/Enemy Scirept/EnemyMovement.cs using Guid(7460e50a375193841b4ea71ef602ca7b) Importer(815301076,1909f56bfc062723c751e8b465ee728b)  -> (artifact id: '856cdd1a55eac28b3e85dfa776d00981') in 0.009725 seconds 
========================================================================
Received Import Request.
  Time since last request: 7.762770 seconds.
  path: Assets/Scirept/Halper Scirept/TagManager.cs
  artifactKey: Guid(c904e940b558eee42a11d9dc4f1df0c8) Importer(815301076,1909f56bfc062723c751e8b465ee728b)
Start importing Assets/Scirept/Halper Scirept/TagManager.cs using Guid(c904e940b558eee42a11d9dc4f1df0c8) Importer(815301076,1909f56bfc062723c751e8b465ee728b)  -> (artifact id: 'dfcca992a3b121f3cd81145cce5f7d3b') in 0.016065 seconds 
========================================================================
Received Import Request.
  Time since last request: 3.104158 seconds.
  path: Assets/Scirept/Player Scirept/Player_Att.cs
  artifactKey: Guid(1211517876e95d7468bf69fa45793ca1) Importer(815301076,1909f56bfc062723c751e8b465ee728b)
Start importing Assets/Scirept/Player Scirept/Player_Att.cs using Guid(1211517876e95d7468bf69fa45793ca1) Importer(815301076,1909f56bfc062723c751e8b465ee728b)  -> (artifact id: '51c1784dc9fba0a1d80f1e50a0c0311b') in 0.013548 seconds 
========================================================================
Received Import Request.
  Time since last request: 2.005691 seconds.
  path: Assets/Scirept/Player Scirept/Player_movment.cs
  artifactKey: Guid(5bc4575680308304887a6120d309f6d1) Importer(815301076,1909f56bfc062723c751e8b465ee728b)
Start importing Assets/Scirept/Player Scirept/Player_movment.cs using Guid(5bc4575680308304887a6120d309f6d1) Importer(815301076,1909f56bfc062723c751e8b465ee728b)  -> (artifact id: '7066133a495f49356fb2a408cefa6408') in 0.014643 seconds 
========================================================================
Received Import Request.
  Time since last request: 4.057768 seconds.
  path: Assets/Scirept/Univaresal Script/AttackUniversal.cs
  artifactKey: Guid(2bacea436df4b014fa93643988d6230e) Importer(815301076,1909f56bfc062723c751e8b465ee728b)
Start importing Assets/Scirept/Univaresal Script/AttackUniversal.cs using Guid(2bacea436df4b014fa93643988d6230e) Importer(815301076,1909f56bfc062723c751e8b465ee728b)  -> (artifact id: '0d00fc1eb369f78c301ea3b33f22f10b') in 0.015547 seconds 
========================================================================
Received Import Request.
  Time since last request: 4.211608 seconds.
  path: Assets/Scirept/Univaresal Script/CharacterAnimationDelegate.cs
  artifactKey: Guid(0f5564a9cabf45c458066e80fc4a78f1) Importer(815301076,1909f56bfc062723c751e8b465ee728b)
Start importing Assets/Scirept/Univaresal Script/CharacterAnimationDelegate.cs using Guid(0f5564a9cabf45c458066e80fc4a78f1) Importer(815301076,1909f56bfc062723c751e8b465ee728b)  -> (artifact id: '4ab4416cd1d582bc8a106c621b53cee5') in 0.047926 seconds 
========================================================================
Received Import Request.
  Time since last request: 1.918626 seconds.
  path: Assets/Scirept/Univaresal Script/HealthScript.cs
  artifactKey: Guid(cbbe1b698beb1474dac067ec58ff462a) Importer(815301076,1909f56bfc062723c751e8b465ee728b)
Start importing Assets/Scirept/Univaresal Script/HealthScript.cs using Guid(cbbe1b698beb1474dac067ec58ff462a) Importer(815301076,1909f56bfc062723c751e8b465ee728b)  -> (artifact id: 'ce1c5585c28fc36f14364ab8ac48d407') in 0.041944 seconds 
========================================================================
Received Import Request.
  Time since last request: 1.590697 seconds.
  path: Assets/Scirept/Univaresal Script/HealthUI.cs
  artifactKey: Guid(1e73f7dc02788e145b846920016840f7) Importer(815301076,1909f56bfc062723c751e8b465ee728b)
Start importing Assets/Scirept/Univaresal Script/HealthUI.cs using Guid(1e73f7dc02788e145b846920016840f7) Importer(815301076,1909f56bfc062723c751e8b465ee728b)  -> (artifact id: 'c7ed178eb2cfef167fb1d86a7872eb62') in 0.133464 seconds 
========================================================================
Received Import Request.
  Time since last request: 1.944160 seconds.
  path: Assets/Scirept/Univaresal Script/Menu.cs
  artifactKey: Guid(34225777c1d53b4449b88e73e2e4ad24) Importer(815301076,1909f56bfc062723c751e8b465ee728b)
Start importing Assets/Scirept/Univaresal Script/Menu.cs using Guid(34225777c1d53b4449b88e73e2e4ad24) Importer(815301076,1909f56bfc062723c751e8b465ee728b)  -> (artifact id: '321eaac1ad0f1189615e2eb739f34230') in 0.013088 seconds 
========================================================================
Received Import Request.
  Time since last request: 300.554633 seconds.
  path: Assets/Models/Enemy/Materials
  artifactKey: Guid(90d4c698a6dc32146b0c4fcb6709cc1a) Importer(815301076,1909f56bfc062723c751e8b465ee728b)
Start importing Assets/Models/Enemy/Materials using Guid(90d4c698a6dc32146b0c4fcb6709cc1a) Importer(815301076,1909f56bfc062723c751e8b465ee728b)  -> (artifact id: '12bb3e2a4bc034bd484dcb570b71923c') in 0.014076 seconds 
========================================================================
Received Import Request.
  Time since last request: 0.335450 seconds.
  path: Assets/Models/Enemy/Enemy Controller.controller
  artifactKey: Guid(021a47c7c86f06f40b8924cc6c6ffa5b) Importer(815301076,1909f56bfc062723c751e8b465ee728b)
Start importing Assets/Models/Enemy/Enemy Controller.controller using Guid(021a47c7c86f06f40b8924cc6c6ffa5b) Importer(815301076,1909f56bfc062723c751e8b465ee728b)  -> (artifact id: '37efd91ad799dcf8283e9a9d78ccaf59') in 0.310955 seconds 
========================================================================
Received Import Request.
  Time since last request: 14.946355 seconds.
  path: Assets/Prefabs/Enemy Prefab/Eenmy.prefab
  artifactKey: Guid(9a84e4ce9858b2f45a14a951d63da426) Importer(815301076,1909f56bfc062723c751e8b465ee728b)
Start importing Assets/Prefabs/Enemy Prefab/Eenmy.prefab using Guid(9a84e4ce9858b2f45a14a951d63da426) Importer(815301076,1909f56bfc062723c751e8b465ee728b)  -> (artifact id: '7fcc3230dc29d77991c424d5dd89186a') in 0.501045 seconds 
